2021-07-12 19:38:53:3853 [37mdebug[39m: [37mCoba winston[39m
2021-07-12 19:39:10:3910 [31merror[39m: [31mCoba winston[39m
2021-07-12 19:40:05:405 [32minfo[39m: [32mDatabase connected[39m
2021-07-12 19:40:05:405 [32minfo[39m: [32mRedis connected[39m
2021-07-12 19:40:05:405 [32minfo[39m: [32mService runnning[39m
2021-07-12 19:53:59:5359 [32minfo[39m: [32mDatabase connected[39m
2021-07-12 19:53:59:5359 [32minfo[39m: [32mRedis connected[39m
2021-07-12 19:53:59:5359 [32minfo[39m: [32mService runnning[39m
2021-07-12 19:56:56:5656 [32minfo[39m: [32mDatabase connected[39m
2021-07-12 19:56:56:5656 [32minfo[39m: [32mRedis connected[39m
2021-07-12 19:56:56:5656 [32minfo[39m: [32mService runnning[39m
2021-07-12 19:59:32:5932 [32minfo[39m: [32mDatabase connected[39m
2021-07-12 19:59:32:5932 [32minfo[39m: [32mRedis connected[39m
2021-07-12 19:59:32:5932 [32minfo[39m: [32mService runnning[39m
2021-07-12 19:59:39:5939 [32minfo[39m: [32mDatabase connected[39m
2021-07-12 19:59:39:5939 [32minfo[39m: [32mRedis connected[39m
2021-07-12 19:59:39:5939 [32minfo[39m: [32mService runnning[39m
2021-07-12 20:10:30:1030 [32minfo[39m: [32mDatabase connected[39m
2021-07-12 20:10:30:1030 [32minfo[39m: [32mRedis connected[39m
2021-07-12 20:10:30:1030 [32minfo[39m: [32mService runnning[39m
2021-07-12 20:10:33:1033 [35mhttp[39m: [35mGET /users/ 401 74 - 4.443 ms[39m
[35m[39m
2021-07-12 20:10:44:1044 [32minfo[39m: [32mDatabase connected[39m
2021-07-12 20:10:44:1044 [32minfo[39m: [32mRedis connected[39m
2021-07-12 20:10:44:1044 [32minfo[39m: [32mService runnning[39m
2021-07-12 20:10:47:1047 [32minfo[39m: [32mDatabase connected[39m
2021-07-12 20:10:47:1047 [32minfo[39m: [32mRedis connected[39m
2021-07-12 20:10:47:1047 [32minfo[39m: [32mService runnning[39m
2021-07-12 20:11:31:1131 [32minfo[39m: [32mDatabase connected[39m
2021-07-12 20:11:31:1131 [32minfo[39m: [32mRedis connected[39m
2021-07-12 20:11:31:1131 [32minfo[39m: [32mService runnning[39m
2021-07-12 20:11:55:1155 [32minfo[39m: [32mDatabase connected[39m
2021-07-12 20:11:55:1155 [32minfo[39m: [32mRedis connected[39m
2021-07-12 20:11:55:1155 [32minfo[39m: [32mService runnning[39m
2021-07-12 20:12:57:1257 [32minfo[39m: [32mDatabase connected[39m
2021-07-12 20:12:57:1257 [32minfo[39m: [32mRedis connected[39m
2021-07-12 20:12:57:1257 [32minfo[39m: [32mService runnning[39m
2021-07-12 20:14:07:147 [35mhttp[39m: [35mGET /users/ 401 74 - 4.976 ms[39m
[35m[39m
2021-07-12 20:19:07:197 [32minfo[39m: [32mDatabase connected[39m
2021-07-12 20:19:07:197 [32minfo[39m: [32mRedis connected[39m
2021-07-12 20:19:07:197 [32minfo[39m: [32mService runnning[39m
2021-07-12 20:19:48:1948 [32minfo[39m: [32mDatabase connected[39m
2021-07-12 20:19:48:1948 [32minfo[39m: [32mRedis connected[39m
2021-07-12 20:19:48:1948 [32minfo[39m: [32mService runnning[39m
2021-07-12 20:20:27:2027 [32minfo[39m: [32mDatabase connected[39m
2021-07-12 20:20:27:2027 [32minfo[39m: [32mRedis connected[39m
2021-07-12 20:20:27:2027 [32minfo[39m: [32mService runnning[39m
2021-07-15 08:49:49:4949 [32minfo[39m: [32mDatabase connected[39m
2021-07-15 08:49:49:4949 [32minfo[39m: [32mRedis connected[39m
2021-07-15 08:49:49:4949 [32minfo[39m: [32mService runnning[39m
2021-07-15 08:50:12:5012 [32minfo[39m: [32mDatabase connected[39m
2021-07-15 08:50:12:5012 [32minfo[39m: [32mRedis connected[39m
2021-07-15 08:50:12:5012 [32minfo[39m: [32mService runnning[39m
2021-07-15 08:50:23:5023 [34mhttp[39m: [34mGET /users/ 401 74 - 4.672 ms[39m
[34m[39m
2021-07-15 08:50:24:5024 [34mhttp[39m: [34mGET /favicon.ico 404 17 - 0.821 ms[39m
[34m[39m
2021-07-15 09:54:57:5457 [32minfo[39m: [32mDatabase connected[39m
2021-07-15 09:54:57:5457 [32minfo[39m: [32mRedis connected[39m
2021-07-15 09:54:57:5457 [32minfo[39m: [32mService runnning[39m
2021-07-15 09:57:27:5727 [34mhttp[39m: [34mPOST /product/ 200 314 - 2389.064 ms[39m
[34m[39m
2021-07-15 09:58:40:5840 [32minfo[39m: [32mDatabase connected[39m
2021-07-15 09:58:40:5840 [32minfo[39m: [32mRedis connected[39m
2021-07-15 09:58:40:5840 [32minfo[39m: [32mService runnning[39m
2021-07-15 09:59:06:596 [32minfo[39m: [32mDatabase connected[39m
2021-07-15 09:59:06:596 [32minfo[39m: [32mRedis connected[39m
2021-07-15 09:59:06:596 [32minfo[39m: [32mService runnning[39m
2021-07-15 09:59:27:5927 [32minfo[39m: [32mDatabase connected[39m
2021-07-15 09:59:27:5927 [32minfo[39m: [32mRedis connected[39m
2021-07-15 09:59:27:5927 [32minfo[39m: [32mService runnning[39m
2021-07-15 10:00:18:018 [32minfo[39m: [32mDatabase connected[39m
2021-07-15 10:00:18:018 [32minfo[39m: [32mRedis connected[39m
2021-07-15 10:00:18:018 [32minfo[39m: [32mService runnning[39m
2021-07-15 10:01:25:125 [31merror[39m: [31mDependency name must be given as a not empty string[39m
2021-07-15 10:02:51:251 [31merror[39m: [31mDependency name must be given as a not empty string[39m
2021-07-15 10:03:12:312 [31merror[39m: [31mDependency name must be given as a not empty string[39m
2021-07-15 10:03:22:322 [31merror[39m: [31mDependency name must be given as a not empty string[39m
2021-07-15 10:03:43:343 [31merror[39m: [31mDependency name must be given as a not empty string[39m
2021-07-15 10:04:49:449 [31merror[39m: [31mDependency name must be given as a not empty string[39m
2021-07-15 10:08:08:88 [31merror[39m: [31mDependency name must be given as a not empty string[39m
2021-07-15 10:10:09:109 [31merror[39m: [31mcolumn "id_categori" of relation "products" contains null values[39m
2021-07-15 10:10:53:1053 [32minfo[39m: [32mDatabase connected[39m
2021-07-15 10:10:53:1053 [32minfo[39m: [32mRedis connected[39m
2021-07-15 10:10:53:1053 [32minfo[39m: [32mService runnning[39m
2021-07-15 10:11:24:1124 [34mhttp[39m: [34mPOST /categori 200 157 - 97.951 ms[39m
[34m[39m
2021-07-15 10:12:50:1250 [32minfo[39m: [32mDatabase connected[39m
2021-07-15 10:12:50:1250 [32minfo[39m: [32mRedis connected[39m
2021-07-15 10:12:50:1250 [32minfo[39m: [32mService runnning[39m
2021-07-15 10:13:13:1313 [32minfo[39m: [32mDatabase connected[39m
2021-07-15 10:13:13:1313 [32minfo[39m: [32mRedis connected[39m
2021-07-15 10:13:13:1313 [32minfo[39m: [32mService runnning[39m
2021-07-15 10:13:19:1319 [34mhttp[39m: [34mPOST /product/ 500 599 - 2369.480 ms[39m
[34m[39m
2021-07-15 10:14:05:145 [32minfo[39m: [32mDatabase connected[39m
2021-07-15 10:14:05:145 [32minfo[39m: [32mRedis connected[39m
2021-07-15 10:14:05:145 [32minfo[39m: [32mService runnning[39m
2021-07-15 10:14:18:1418 [34mhttp[39m: [34mPOST /product/ 200 330 - 3346.427 ms[39m
[34m[39m
2021-07-15 10:14:29:1429 [34mhttp[39m: [34mGET /product/ 500 1091 - 28.939 ms[39m
[34m[39m
2021-07-15 10:14:51:1451 [34mhttp[39m: [34mGET /product/ 500 1091 - 23.906 ms[39m
[34m[39m
2021-07-15 10:15:55:1555 [32minfo[39m: [32mDatabase connected[39m
2021-07-15 10:15:55:1555 [32minfo[39m: [32mRedis connected[39m
2021-07-15 10:15:55:1555 [32minfo[39m: [32mService runnning[39m
2021-07-15 10:16:08:168 [32minfo[39m: [32mDatabase connected[39m
2021-07-15 10:16:08:168 [32minfo[39m: [32mRedis connected[39m
2021-07-15 10:16:08:168 [32minfo[39m: [32mService runnning[39m
2021-07-15 10:16:14:1614 [34mhttp[39m: [34mGET /product/ 500 2324 - 45.606 ms[39m
[34m[39m
2021-07-15 10:16:53:1653 [32minfo[39m: [32mDatabase connected[39m
2021-07-15 10:16:53:1653 [32minfo[39m: [32mRedis connected[39m
2021-07-15 10:16:53:1653 [32minfo[39m: [32mService runnning[39m
2021-07-15 10:17:51:1751 [32minfo[39m: [32mDatabase connected[39m
2021-07-15 10:17:51:1751 [32minfo[39m: [32mRedis connected[39m
2021-07-15 10:17:51:1751 [32minfo[39m: [32mService runnning[39m
2021-07-15 10:17:56:1756 [34mhttp[39m: [34mGET /product/ 500 2324 - 71.158 ms[39m
[34m[39m
2021-07-15 10:18:17:1817 [32minfo[39m: [32mDatabase connected[39m
2021-07-15 10:18:17:1817 [32minfo[39m: [32mRedis connected[39m
2021-07-15 10:18:17:1817 [32minfo[39m: [32mService runnning[39m
2021-07-15 10:18:19:1819 [34mhttp[39m: [34mGET /product/ 500 2324 - 36.204 ms[39m
[34m[39m
2021-07-15 10:18:38:1838 [32minfo[39m: [32mDatabase connected[39m
2021-07-15 10:18:38:1838 [32minfo[39m: [32mRedis connected[39m
2021-07-15 10:18:38:1838 [32minfo[39m: [32mService runnning[39m
2021-07-15 10:18:43:1843 [34mhttp[39m: [34mGET /product/ 200 455 - 34.653 ms[39m
[34m[39m
2021-07-15 10:23:14:2314 [32minfo[39m: [32mDatabase connected[39m
2021-07-15 10:23:14:2314 [32minfo[39m: [32mRedis connected[39m
2021-07-15 10:23:14:2314 [32minfo[39m: [32mService runnning[39m
2021-07-15 10:23:35:2335 [32minfo[39m: [32mDatabase connected[39m
2021-07-15 10:23:35:2335 [32minfo[39m: [32mRedis connected[39m
2021-07-15 10:23:35:2335 [32minfo[39m: [32mService runnning[39m
2021-07-15 10:25:10:2510 [32minfo[39m: [32mDatabase connected[39m
2021-07-15 10:25:10:2510 [32minfo[39m: [32mRedis connected[39m
2021-07-15 10:25:10:2510 [32minfo[39m: [32mService runnning[39m
2021-07-15 10:25:18:2518 [32minfo[39m: [32mDatabase connected[39m
2021-07-15 10:25:18:2518 [32minfo[39m: [32mRedis connected[39m
2021-07-15 10:25:18:2518 [32minfo[39m: [32mService runnning[39m
2021-07-15 10:26:08:268 [32minfo[39m: [32mDatabase connected[39m
2021-07-15 10:26:08:268 [32minfo[39m: [32mRedis connected[39m
2021-07-15 10:26:08:268 [32minfo[39m: [32mService runnning[39m
2021-07-15 10:30:27:3027 [32minfo[39m: [32mDatabase connected[39m
2021-07-15 10:30:27:3027 [32minfo[39m: [32mRedis connected[39m
2021-07-15 10:30:27:3027 [32minfo[39m: [32mService runnning[39m
2021-07-15 10:31:03:313 [32minfo[39m: [32mDatabase connected[39m
2021-07-15 10:31:03:313 [32minfo[39m: [32mRedis connected[39m
2021-07-15 10:31:03:313 [32minfo[39m: [32mService runnning[39m
2021-07-15 10:31:11:3111 [32minfo[39m: [32mDatabase connected[39m
2021-07-15 10:31:11:3111 [32minfo[39m: [32mRedis connected[39m
2021-07-15 10:31:11:3111 [32minfo[39m: [32mService runnning[39m
2021-07-15 10:31:41:3141 [32minfo[39m: [32mDatabase connected[39m
2021-07-15 10:31:41:3141 [32minfo[39m: [32mRedis connected[39m
2021-07-15 10:31:41:3141 [32minfo[39m: [32mService runnning[39m
2021-07-15 10:33:03:333 [32minfo[39m: [32mDatabase connected[39m
2021-07-15 10:33:03:333 [32minfo[39m: [32mRedis connected[39m
2021-07-15 10:33:03:333 [32minfo[39m: [32mService runnning[39m
2021-07-15 10:36:00:360 [32minfo[39m: [32mDatabase connected[39m
2021-07-15 10:36:00:360 [32minfo[39m: [32mRedis connected[39m
2021-07-15 10:36:00:360 [32minfo[39m: [32mService runnning[39m
2021-07-15 10:36:30:3630 [32minfo[39m: [32mDatabase connected[39m
2021-07-15 10:36:30:3630 [32minfo[39m: [32mRedis connected[39m
2021-07-15 10:36:30:3630 [32minfo[39m: [32mService runnning[39m
2021-07-15 10:36:35:3635 [32minfo[39m: [32mDatabase connected[39m
2021-07-15 10:36:35:3635 [32minfo[39m: [32mRedis connected[39m
2021-07-15 10:36:35:3635 [32minfo[39m: [32mService runnning[39m
2021-07-15 11:21:41:2141 [32minfo[39m: [32mDatabase connected[39m
2021-07-15 11:21:41:2141 [32minfo[39m: [32mRedis connected[39m
2021-07-15 11:21:41:2141 [32minfo[39m: [32mService runnning[39m
2021-07-15 11:40:14:4014 [32minfo[39m: [32mDatabase connected[39m
2021-07-15 11:40:14:4014 [32minfo[39m: [32mRedis connected[39m
2021-07-15 11:40:14:4014 [32minfo[39m: [32mService runnning[39m
2021-07-15 11:41:27:4127 [34mhttp[39m: [34mGET /products/ 404 17 - 19.299 ms[39m
[34m[39m
2021-07-15 11:41:31:4131 [34mhttp[39m: [34mGET /product/ 200 45 - 56.087 ms[39m
[34m[39m
2021-07-15 11:41:38:4138 [34mhttp[39m: [34mGET /product/ 304 - - 8.748 ms[39m
[34m[39m
2021-07-15 11:42:33:4233 [32minfo[39m: [32mDatabase connected[39m
2021-07-15 11:42:33:4233 [32minfo[39m: [32mRedis connected[39m
2021-07-15 11:42:33:4233 [32minfo[39m: [32mService runnning[39m
2021-07-15 11:42:43:4243 [32minfo[39m: [32mDatabase connected[39m
2021-07-15 11:42:43:4243 [32minfo[39m: [32mRedis connected[39m
2021-07-15 11:42:43:4243 [32minfo[39m: [32mService runnning[39m
2021-07-15 11:44:41:4441 [32minfo[39m: [32mDatabase connected[39m
2021-07-15 11:44:41:4441 [32minfo[39m: [32mRedis connected[39m
2021-07-15 11:44:41:4441 [32minfo[39m: [32mService runnning[39m
2021-07-15 11:44:46:4446 [34mhttp[39m: [34mGET /categori 500 941 - 27.842 ms[39m
[34m[39m
2021-07-15 11:45:18:4518 [32minfo[39m: [32mDatabase connected[39m
2021-07-15 11:45:18:4518 [32minfo[39m: [32mRedis connected[39m
2021-07-15 11:45:18:4518 [32minfo[39m: [32mService runnning[39m
2021-07-15 11:45:23:4523 [34mhttp[39m: [34mGET /categori 500 941 - 22.403 ms[39m
[34m[39m
2021-07-15 11:46:44:4644 [34mhttp[39m: [34mGET /product/ 200 45 - 37.976 ms[39m
[34m[39m
2021-07-15 11:46:50:4650 [34mhttp[39m: [34mPOST /categori 200 157 - 60.850 ms[39m
[34m[39m
2021-07-15 11:46:58:4658 [34mhttp[39m: [34mPOST /product/ 500 79 - 31.453 ms[39m
[34m[39m
2021-07-15 11:47:19:4719 [34mhttp[39m: [34mPOST /product/ 200 330 - 2321.337 ms[39m
[34m[39m
2021-07-19 09:47:05:475 [32minfo[39m: [32mDatabase connected[39m
2021-07-19 09:47:05:475 [32minfo[39m: [32mRedis connected[39m
2021-07-19 09:47:05:475 [32minfo[39m: [32mService runnning[39m
2021-07-19 09:52:10:5210 [32minfo[39m: [32mDatabase connected[39m
2021-07-19 09:52:10:5210 [32minfo[39m: [32mRedis connected[39m
2021-07-19 09:52:10:5210 [32minfo[39m: [32mService runnning[39m
2021-07-19 09:52:56:5256 [32minfo[39m: [32mDatabase connected[39m
2021-07-19 09:52:56:5256 [32minfo[39m: [32mRedis connected[39m
2021-07-19 09:52:56:5256 [32minfo[39m: [32mService runnning[39m
2021-07-19 09:53:11:5311 [32minfo[39m: [32mDatabase connected[39m
2021-07-19 09:53:11:5311 [32minfo[39m: [32mRedis connected[39m
2021-07-19 09:53:11:5311 [32minfo[39m: [32mService runnning[39m
2021-07-19 09:54:29:5429 [32minfo[39m: [32mDatabase connected[39m
2021-07-19 09:54:29:5429 [32minfo[39m: [32mRedis connected[39m
2021-07-19 09:54:29:5429 [32minfo[39m: [32mService runnning[39m
2021-07-19 09:56:09:569 [32minfo[39m: [32mDatabase connected[39m
2021-07-19 09:56:09:569 [32minfo[39m: [32mRedis connected[39m
2021-07-19 09:56:09:569 [32minfo[39m: [32mService runnning[39m
2021-07-19 09:56:39:5639 [32minfo[39m: [32mDatabase connected[39m
2021-07-19 09:56:39:5639 [32minfo[39m: [32mRedis connected[39m
2021-07-19 09:56:39:5639 [32minfo[39m: [32mService runnning[39m
2021-08-05 08:11:34:1134 [32minfo[39m: [32mDatabase connected[39m
2021-08-05 08:11:34:1134 [32minfo[39m: [32mRedis connected[39m
2021-08-05 08:11:34:1134 [32minfo[39m: [32mService runnning[39m
2021-08-05 08:12:19:1219 [32minfo[39m: [32mDatabase connected[39m
2021-08-05 08:12:19:1219 [32minfo[39m: [32mRedis connected[39m
2021-08-05 08:12:19:1219 [32minfo[39m: [32mService running on port 9000[39m
2021-08-05 08:14:10:1410 [32minfo[39m: [32mDatabase connected[39m
2021-08-05 08:14:10:1410 [32minfo[39m: [32mRedis connected[39m
2021-08-05 08:14:10:1410 [32minfo[39m: [32mService running on port 9000[39m
2021-08-05 08:23:59:2359 [32minfo[39m: [32mDatabase connected[39m
2021-08-05 08:23:59:2359 [32minfo[39m: [32mRedis connected[39m
2021-08-05 08:23:59:2359 [32minfo[39m: [32mService running on port 9000[39m
2021-08-05 08:25:45:2545 [32minfo[39m: [32mDatabase connected[39m
2021-08-05 08:25:45:2545 [32minfo[39m: [32mRedis connected[39m
2021-08-05 08:25:45:2545 [32minfo[39m: [32mService running on port 9000[39m
2021-08-05 08:25:50:2550 [31merror[39m: [31mdb.query is not a function[39m
2021-08-05 08:26:32:2632 [32minfo[39m: [32mDatabase connected[39m
2021-08-05 08:26:32:2632 [32minfo[39m: [32mRedis connected[39m
2021-08-05 08:26:32:2632 [32minfo[39m: [32mService running on port 9000[39m
2021-08-05 08:26:36:2636 [31merror[39m: [31mrelation "public.users" does not exist[39m
2021-08-05 08:30:18:3018 [32minfo[39m: [32mDatabase connected[39m
2021-08-05 08:30:18:3018 [32minfo[39m: [32mRedis connected[39m
2021-08-05 08:30:18:3018 [32minfo[39m: [32mService running on port 9000[39m
2021-08-05 08:30:54:3054 [31merror[39m: [31mmodel.getbyUsername is not a function[39m
2021-08-05 08:32:43:3243 [32minfo[39m: [32mDatabase connected[39m
2021-08-05 08:32:43:3243 [32minfo[39m: [32mRedis connected[39m
2021-08-05 08:32:43:3243 [32minfo[39m: [32mService running on port 9000[39m
2021-08-05 08:33:00:330 [32minfo[39m: [32mDatabase connected[39m
2021-08-05 08:33:00:330 [32minfo[39m: [32mRedis connected[39m
2021-08-05 08:33:00:330 [32minfo[39m: [32mService running on port 9000[39m
2021-08-05 08:33:12:3312 [32minfo[39m: [32mDatabase connected[39m
2021-08-05 08:33:12:3312 [32minfo[39m: [32mRedis connected[39m
2021-08-05 08:33:12:3312 [32minfo[39m: [32mService running on port 9000[39m
2021-08-05 08:33:27:3327 [32minfo[39m: [32mDatabase connected[39m
2021-08-05 08:33:27:3327 [32minfo[39m: [32mRedis connected[39m
2021-08-05 08:33:27:3327 [32minfo[39m: [32mService running on port 9000[39m
2021-08-05 08:33:58:3358 [32minfo[39m: [32mDatabase connected[39m
2021-08-05 08:33:58:3358 [32minfo[39m: [32mRedis connected[39m
2021-08-05 08:33:58:3358 [32minfo[39m: [32mService running on port 9000[39m
2021-08-05 08:34:05:345 [32minfo[39m: [32mDatabase connected[39m
2021-08-05 08:34:05:345 [32minfo[39m: [32mRedis connected[39m
2021-08-05 08:34:05:345 [32minfo[39m: [32mService running on port 9000[39m
2021-08-05 08:34:10:3410 [31merror[39m: [31mmodel.addData is not a function[39m
2021-08-05 08:34:25:3425 [32minfo[39m: [32mDatabase connected[39m
2021-08-05 08:34:25:3425 [32minfo[39m: [32mRedis connected[39m
2021-08-05 08:34:25:3425 [32minfo[39m: [32mService running on port 9000[39m
2021-08-05 08:35:44:3544 [32minfo[39m: [32mDatabase connected[39m
2021-08-05 08:35:44:3544 [32minfo[39m: [32mRedis connected[39m
2021-08-05 08:35:44:3544 [32minfo[39m: [32mService running on port 9000[39m
2021-08-05 08:36:06:366 [32minfo[39m: [32mDatabase connected[39m
2021-08-05 08:36:06:366 [32minfo[39m: [32mRedis connected[39m
2021-08-05 08:36:06:366 [32minfo[39m: [32mService running on port 9000[39m
2021-08-05 08:37:49:3749 [32minfo[39m: [32mDatabase connected[39m
2021-08-05 08:37:49:3749 [32minfo[39m: [32mRedis connected[39m
2021-08-05 08:37:49:3749 [32minfo[39m: [32mService running on port 9000[39m
2021-08-05 08:42:02:422 [32minfo[39m: [32mDatabase connected[39m
2021-08-05 08:42:02:422 [32minfo[39m: [32mRedis connected[39m
2021-08-05 08:42:02:422 [32minfo[39m: [32mService running on port 9000[39m
2021-08-05 08:43:51:4351 [32minfo[39m: [32mDatabase connected[39m
2021-08-05 08:43:51:4351 [32minfo[39m: [32mRedis connected[39m
2021-08-05 08:43:51:4351 [32minfo[39m: [32mService running on port 9000[39m
2021-08-05 08:46:20:4620 [32minfo[39m: [32mDatabase connected[39m
2021-08-05 08:46:20:4620 [32minfo[39m: [32mRedis connected[39m
2021-08-05 08:46:20:4620 [32minfo[39m: [32mService running on port 9000[39m
2021-08-05 08:46:32:4632 [32minfo[39m: [32mDatabase connected[39m
2021-08-05 08:46:32:4632 [32minfo[39m: [32mRedis connected[39m
2021-08-05 08:46:32:4632 [32minfo[39m: [32mService running on port 9000[39m
2021-08-05 08:46:54:4654 [32minfo[39m: [32mDatabase connected[39m
2021-08-05 08:46:54:4654 [32minfo[39m: [32mRedis connected[39m
2021-08-05 08:46:54:4654 [32minfo[39m: [32mService running on port 9000[39m
2021-08-05 08:48:39:4839 [32minfo[39m: [32mDatabase connected[39m
2021-08-05 08:48:39:4839 [32minfo[39m: [32mRedis connected[39m
2021-08-05 08:48:39:4839 [32minfo[39m: [32mService running on port 9000[39m
2021-08-05 08:49:14:4914 [32minfo[39m: [32mDatabase connected[39m
2021-08-05 08:49:14:4914 [32minfo[39m: [32mRedis connected[39m
2021-08-05 08:49:14:4914 [32minfo[39m: [32mService running on port 9000[39m
2021-08-05 08:49:51:4951 [32minfo[39m: [32mDatabase connected[39m
2021-08-05 08:49:51:4951 [32minfo[39m: [32mRedis connected[39m
2021-08-05 08:49:51:4951 [32minfo[39m: [32mService running on port 9000[39m
2021-08-05 08:49:57:4957 [32minfo[39m: [32mDatabase connected[39m
2021-08-05 08:49:57:4957 [32minfo[39m: [32mRedis connected[39m
2021-08-05 08:49:57:4957 [32minfo[39m: [32mService running on port 9000[39m
2021-08-05 09:00:25:025 [31merror[39m: [31mmodel.getAll is not a function[39m
2021-08-05 09:01:06:16 [32minfo[39m: [32mDatabase connected[39m
2021-08-05 09:01:06:16 [32minfo[39m: [32mRedis connected[39m
2021-08-05 09:01:06:16 [32minfo[39m: [32mService running on port 9000[39m
2021-08-05 09:01:12:112 [31merror[39m: [31mcolumn users.DESC does not exist[39m
2021-08-05 09:01:34:134 [32minfo[39m: [32mDatabase connected[39m
2021-08-05 09:01:34:134 [32minfo[39m: [32mRedis connected[39m
2021-08-05 09:01:34:134 [32minfo[39m: [32mService running on port 9000[39m
2021-08-05 09:02:27:227 [32minfo[39m: [32mDatabase connected[39m
2021-08-05 09:02:27:227 [32minfo[39m: [32mRedis connected[39m
2021-08-05 09:02:27:227 [32minfo[39m: [32mService running on port 9000[39m
2021-08-05 09:02:40:240 [32minfo[39m: [32mDatabase connected[39m
2021-08-05 09:02:40:240 [32minfo[39m: [32mRedis connected[39m
2021-08-05 09:02:40:240 [32minfo[39m: [32mService running on port 9000[39m
2021-08-05 10:29:34:2934 [32minfo[39m: [32mDatabase connected[39m
2021-08-05 10:29:34:2934 [32minfo[39m: [32mRedis connected[39m
2021-08-05 10:29:34:2934 [32minfo[39m: [32mService running on port 9000[39m
2021-08-05 15:31:32:3132 [32minfo[39m: [32mDatabase connected[39m
2021-08-05 15:31:32:3132 [32minfo[39m: [32mRedis connected[39m
2021-08-05 15:31:32:3132 [32minfo[39m: [32mService running on port 9000[39m
2021-08-06 14:49:24:4924 [32minfo[39m: [32mDatabase connected[39m
2021-08-06 14:49:24:4924 [32minfo[39m: [32mRedis connected[39m
2021-08-06 14:49:24:4924 [32minfo[39m: [32mService running on port 9000[39m
2021-08-09 12:04:26:426 [32minfo[39m: [32mDatabase connected[39m
2021-08-09 12:04:26:426 [32minfo[39m: [32mRedis connected[39m
2021-08-09 12:04:26:426 [32minfo[39m: [32mService running on port 9000[39m
2021-08-09 12:32:02:322 [32minfo[39m: [32mDatabase connected[39m
2021-08-09 12:32:02:322 [32minfo[39m: [32mRedis connected[39m
2021-08-09 12:32:02:322 [32minfo[39m: [32mService running on port 9000[39m
2021-08-09 12:32:36:3236 [32minfo[39m: [32mDatabase connected[39m
2021-08-09 12:32:36:3236 [32minfo[39m: [32mRedis connected[39m
2021-08-09 12:32:36:3236 [32minfo[39m: [32mService running on port 9000[39m
2021-08-09 12:32:45:3245 [32minfo[39m: [32mDatabase connected[39m
2021-08-09 12:32:45:3245 [32minfo[39m: [32mRedis connected[39m
2021-08-09 12:32:45:3245 [32minfo[39m: [32mService running on port 9000[39m
2021-08-10 09:25:05:255 [32minfo[39m: [32mDatabase connected[39m
2021-08-10 09:25:05:255 [32minfo[39m: [32mRedis connected[39m
2021-08-10 09:25:05:255 [32minfo[39m: [32mService running on port 9000[39m
2021-08-10 09:26:42:2642 [32minfo[39m: [32mDatabase connected[39m
2021-08-10 09:26:42:2642 [32minfo[39m: [32mRedis connected[39m
2021-08-10 09:26:42:2642 [32minfo[39m: [32mService running on port 9000[39m
2021-08-10 09:27:02:272 [32minfo[39m: [32mDatabase connected[39m
2021-08-10 09:27:02:272 [32minfo[39m: [32mRedis connected[39m
2021-08-10 09:27:02:272 [32minfo[39m: [32mService running on port 9000[39m
2021-08-10 09:27:22:2722 [32minfo[39m: [32mDatabase connected[39m
2021-08-10 09:27:22:2722 [32minfo[39m: [32mRedis connected[39m
2021-08-10 09:27:22:2722 [32minfo[39m: [32mService running on port 9000[39m
2021-08-10 09:27:29:2729 [32minfo[39m: [32mDatabase connected[39m
2021-08-10 09:27:29:2729 [32minfo[39m: [32mRedis connected[39m
2021-08-10 09:27:29:2729 [32minfo[39m: [32mService running on port 9000[39m
2021-08-10 09:27:42:2742 [32minfo[39m: [32mDatabase connected[39m
2021-08-10 09:27:42:2742 [32minfo[39m: [32mRedis connected[39m
2021-08-10 09:27:42:2742 [32minfo[39m: [32mService running on port 9000[39m
2021-08-10 09:29:14:2914 [32minfo[39m: [32mDatabase connected[39m
2021-08-10 09:29:14:2914 [32minfo[39m: [32mRedis connected[39m
2021-08-10 09:29:14:2914 [32minfo[39m: [32mService running on port 9000[39m
2021-08-10 09:29:28:2928 [32minfo[39m: [32mDatabase connected[39m
2021-08-10 09:29:28:2928 [32minfo[39m: [32mRedis connected[39m
2021-08-10 09:29:28:2928 [32minfo[39m: [32mService running on port 9000[39m
2021-08-10 09:30:27:3027 [32minfo[39m: [32mDatabase connected[39m
2021-08-10 09:30:27:3027 [32minfo[39m: [32mRedis connected[39m
2021-08-10 09:30:27:3027 [32minfo[39m: [32mService running on port 9000[39m
2021-08-10 09:30:37:3037 [32minfo[39m: [32mDatabase connected[39m
2021-08-10 09:30:37:3037 [32minfo[39m: [32mRedis connected[39m
2021-08-10 09:30:37:3037 [32minfo[39m: [32mService running on port 9000[39m
2021-08-10 09:31:02:312 [32minfo[39m: [32mDatabase connected[39m
2021-08-10 09:31:03:313 [32minfo[39m: [32mRedis connected[39m
2021-08-10 09:31:03:313 [32minfo[39m: [32mService running on port 9000[39m
2021-08-10 09:31:57:3157 [32minfo[39m: [32mDatabase connected[39m
2021-08-10 09:31:57:3157 [32minfo[39m: [32mRedis connected[39m
2021-08-10 09:31:57:3157 [32minfo[39m: [32mService running on port 9000[39m
2021-08-10 09:32:08:328 [32minfo[39m: [32mDatabase connected[39m
2021-08-10 09:32:08:328 [32minfo[39m: [32mRedis connected[39m
2021-08-10 09:32:08:328 [32minfo[39m: [32mService running on port 9000[39m
2021-08-10 09:33:00:330 [32minfo[39m: [32mDatabase connected[39m
2021-08-10 09:33:00:330 [32minfo[39m: [32mRedis connected[39m
2021-08-10 09:33:00:330 [32minfo[39m: [32mService running on port 9000[39m
2021-08-10 09:33:15:3315 [32minfo[39m: [32mDatabase connected[39m
2021-08-10 09:33:15:3315 [32minfo[39m: [32mRedis connected[39m
2021-08-10 09:33:15:3315 [32minfo[39m: [32mService running on port 9000[39m
2021-08-10 09:34:18:3418 [32minfo[39m: [32mDatabase connected[39m
2021-08-10 09:34:18:3418 [32minfo[39m: [32mRedis connected[39m
2021-08-10 09:34:18:3418 [32minfo[39m: [32mService running on port 9000[39m
2021-08-10 09:35:05:355 [32minfo[39m: [32mDatabase connected[39m
2021-08-10 09:35:05:355 [32minfo[39m: [32mRedis connected[39m
2021-08-10 09:35:05:355 [32minfo[39m: [32mService running on port 9000[39m
2021-08-10 09:41:18:4118 [32minfo[39m: [32mDatabase connected[39m
2021-08-10 09:41:18:4118 [32minfo[39m: [32mRedis connected[39m
2021-08-10 09:41:18:4118 [32minfo[39m: [32mService running on port 9000[39m
2021-08-10 09:41:32:4132 [32minfo[39m: [32mDatabase connected[39m
2021-08-10 09:41:32:4132 [32minfo[39m: [32mRedis connected[39m
2021-08-10 09:41:32:4132 [32minfo[39m: [32mService running on port 9000[39m
2021-08-10 09:41:52:4152 [32minfo[39m: [32mDatabase connected[39m
2021-08-10 09:41:52:4152 [32minfo[39m: [32mRedis connected[39m
2021-08-10 09:41:52:4152 [32minfo[39m: [32mService running on port 9000[39m
2021-08-10 09:42:18:4218 [32minfo[39m: [32mDatabase connected[39m
2021-08-10 09:42:18:4218 [32minfo[39m: [32mRedis connected[39m
2021-08-10 09:42:18:4218 [32minfo[39m: [32mService running on port 9000[39m
2021-08-10 09:42:24:4224 [32minfo[39m: [32mDatabase connected[39m
2021-08-10 09:42:24:4224 [32minfo[39m: [32mRedis connected[39m
2021-08-10 09:42:24:4224 [32minfo[39m: [32mService running on port 9000[39m
2021-08-10 09:42:55:4255 [32minfo[39m: [32mDatabase connected[39m
2021-08-10 09:42:55:4255 [32minfo[39m: [32mRedis connected[39m
2021-08-10 09:42:55:4255 [32minfo[39m: [32mService running on port 9000[39m
2021-08-10 09:43:38:4338 [32minfo[39m: [32mDatabase connected[39m
2021-08-10 09:43:38:4338 [32minfo[39m: [32mRedis connected[39m
2021-08-10 09:43:38:4338 [32minfo[39m: [32mService running on port 9000[39m
2021-08-10 09:43:54:4354 [32minfo[39m: [32mDatabase connected[39m
2021-08-10 09:43:54:4354 [32minfo[39m: [32mRedis connected[39m
2021-08-10 09:43:54:4354 [32minfo[39m: [32mService running on port 9000[39m
2021-08-10 14:47:58:4758 [32minfo[39m: [32mDatabase connected[39m
2021-08-10 14:47:58:4758 [32minfo[39m: [32mRedis connected[39m
2021-08-10 14:47:58:4758 [32minfo[39m: [32mService running on port 9000[39m
