2021-07-12 19:39:10:3910 [31merror[39m: [31mCoba winston[39m
2021-07-15 10:01:25:125 [31merror[39m: [31mDependency name must be given as a not empty string[39m
2021-07-15 10:02:51:251 [31merror[39m: [31mDependency name must be given as a not empty string[39m
2021-07-15 10:03:12:312 [31merror[39m: [31mDependency name must be given as a not empty string[39m
2021-07-15 10:03:22:322 [31merror[39m: [31mDependency name must be given as a not empty string[39m
2021-07-15 10:03:43:343 [31merror[39m: [31mDependency name must be given as a not empty string[39m
2021-07-15 10:04:49:449 [31merror[39m: [31mDependency name must be given as a not empty string[39m
2021-07-15 10:08:08:88 [31merror[39m: [31mDependency name must be given as a not empty string[39m
2021-07-15 10:10:09:109 [31merror[39m: [31mcolumn "id_categori" of relation "products" contains null values[39m
2021-08-05 08:25:50:2550 [31merror[39m: [31mdb.query is not a function[39m
2021-08-05 08:26:36:2636 [31merror[39m: [31mrelation "public.users" does not exist[39m
2021-08-05 08:30:54:3054 [31merror[39m: [31mmodel.getbyUsername is not a function[39m
2021-08-05 08:34:10:3410 [31merror[39m: [31mmodel.addData is not a function[39m
2021-08-05 09:00:25:025 [31merror[39m: [31mmodel.getAll is not a function[39m
2021-08-05 09:01:12:112 [31merror[39m: [31mcolumn users.DESC does not exist[39m
2021-09-07 12:38:18:3818 [31merror[39m: [31mpassword authentication failed for user "by"[39m
2021-09-07 12:38:29:3829 [31merror[39m: [31mpassword authentication failed for user "by"[39m
2021-09-07 12:39:28:3928 [31merror[39m: [31mpassword authentication failed for user "by"[39m
2021-09-07 12:39:52:3952 [31merror[39m: [31mpassword authentication failed for user "by"[39m
2021-09-07 12:40:26:4026 [31merror[39m: [31mpassword authentication failed for user "by"[39m
2021-09-07 12:40:31:4031 [31merror[39m: [31mpassword authentication failed for user "by"[39m
2021-09-07 12:41:14:4114 [31merror[39m: [31mpassword authentication failed for user "by"[39m
2021-09-07 12:41:24:4124 [31merror[39m: [31mpassword authentication failed for user "by"[39m
2021-09-07 12:41:26:4126 [31merror[39m: [31mpassword authentication failed for user "by"[39m
2021-09-07 12:41:43:4143 [31merror[39m: [31mpassword authentication failed for user "by"[39m
2021-09-07 12:42:44:4244 [31merror[39m: [31mpassword authentication failed for user "by"[39m
2021-09-07 13:04:42:442 [31merror[39m: [31mpassword authentication failed for user "by"[39m
2021-09-07 13:04:42:442 [31merror[39m: [31mpassword authentication failed for user "by"[39m
2021-09-07 13:04:42:442 [31merror[39m: [31mpassword authentication failed for user "by"[39m
2021-09-07 13:04:43:443 [31merror[39m: [31mpassword authentication failed for user "by"[39m
2021-09-07 13:04:43:443 [31merror[39m: [31mpassword authentication failed for user "by"[39m
2021-09-07 13:04:51:451 [31merror[39m: [31mpassword authentication failed for user "by"[39m
2021-09-07 13:04:51:451 [31merror[39m: [31mpassword authentication failed for user "by"[39m
2021-09-07 13:04:51:451 [31merror[39m: [31mpassword authentication failed for user "by"[39m
2021-09-07 13:04:52:452 [31merror[39m: [31mpassword authentication failed for user "by"[39m
2021-09-07 13:04:52:452 [31merror[39m: [31mpassword authentication failed for user "by"[39m
2021-09-07 13:05:31:531 [31merror[39m: [31mpassword authentication failed for user "by"[39m
2021-09-07 13:05:31:531 [31merror[39m: [31mpassword authentication failed for user "by"[39m
2021-09-07 13:05:31:531 [31merror[39m: [31mpassword authentication failed for user "by"[39m
2021-09-07 13:05:31:531 [31merror[39m: [31mpassword authentication failed for user "by"[39m
2021-09-07 13:05:31:531 [31merror[39m: [31mpassword authentication failed for user "by"[39m
2021-09-07 13:05:45:545 [31merror[39m: [31mpassword authentication failed for user "by"[39m
2021-09-07 13:05:51:551 [31merror[39m: [31mpassword authentication failed for user "by"[39m
2021-09-07 13:05:51:551 [31merror[39m: [31mpassword authentication failed for user "by"[39m
2021-09-07 13:05:51:551 [31merror[39m: [31mpassword authentication failed for user "by"[39m
2021-09-07 13:05:51:551 [31merror[39m: [31mpassword authentication failed for user "by"[39m
2021-09-07 13:05:51:551 [31merror[39m: [31mpassword authentication failed for user "by"[39m
2021-09-07 13:06:02:62 [31merror[39m: [31mpassword authentication failed for user "by"[39m
2021-09-07 13:06:02:62 [31merror[39m: [31mpassword authentication failed for user "by"[39m
2021-09-07 13:06:02:62 [31merror[39m: [31mpassword authentication failed for user "by"[39m
2021-09-07 13:06:02:62 [31merror[39m: [31mpassword authentication failed for user "by"[39m
2021-09-07 13:06:02:62 [31merror[39m: [31mpassword authentication failed for user "by"[39m
2021-09-07 13:06:14:614 [31merror[39m: [31mpassword authentication failed for user "by"[39m
2021-09-07 13:06:22:622 [31merror[39m: [31mpassword authentication failed for user "by"[39m
2021-09-07 13:06:38:638 [31merror[39m: [31mpassword authentication failed for user "by"[39m
2021-09-07 13:06:38:638 [31merror[39m: [31mpassword authentication failed for user "by"[39m
2021-09-07 13:06:38:638 [31merror[39m: [31mpassword authentication failed for user "by"[39m
2021-09-07 13:06:38:638 [31merror[39m: [31mpassword authentication failed for user "by"[39m
2021-09-07 13:06:38:638 [31merror[39m: [31mpassword authentication failed for user "by"[39m
2021-09-07 13:07:25:725 [31merror[39m: [31mpassword authentication failed for user "by"[39m
2021-09-07 13:07:25:725 [31merror[39m: [31mpassword authentication failed for user "by"[39m
2021-09-07 13:07:25:725 [31merror[39m: [31mpassword authentication failed for user "by"[39m
2021-09-07 13:07:25:725 [31merror[39m: [31mpassword authentication failed for user "by"[39m
2021-09-07 13:07:25:725 [31merror[39m: [31mpassword authentication failed for user "by"[39m
2021-09-07 13:19:38:1938 [31merror[39m: [31mpassword authentication failed for user "by"[39m
2021-09-07 13:21:34:2134 [31merror[39m: [31mpassword authentication failed for user "by"[39m
2021-09-07 13:21:34:2134 [31merror[39m: [31mpassword authentication failed for user "by"[39m
2021-09-07 13:21:34:2134 [31merror[39m: [31mpassword authentication failed for user "by"[39m
2021-09-07 13:21:34:2134 [31merror[39m: [31mpassword authentication failed for user "by"[39m
2021-09-07 13:21:43:2143 [31merror[39m: [31mpassword authentication failed for user "by"[39m
2021-09-07 13:23:44:2344 [31merror[39m: [31mpassword authentication failed for user "by"[39m
2021-09-07 13:23:44:2344 [31merror[39m: [31mpassword authentication failed for user "by"[39m
2021-09-07 13:23:44:2344 [31merror[39m: [31mpassword authentication failed for user "by"[39m
2021-09-07 13:23:44:2344 [31merror[39m: [31mpassword authentication failed for user "by"[39m
2021-09-07 13:23:44:2344 [31merror[39m: [31mpassword authentication failed for user "by"[39m
2021-09-07 13:25:11:2511 [31merror[39m: [31mpassword authentication failed for user "by"[39m
2021-09-07 13:25:11:2511 [31merror[39m: [31mpassword authentication failed for user "by"[39m
2021-09-07 13:25:12:2512 [31merror[39m: [31mpassword authentication failed for user "by"[39m
2021-09-07 13:25:12:2512 [31merror[39m: [31mpassword authentication failed for user "by"[39m
2021-09-07 13:25:12:2512 [31merror[39m: [31mpassword authentication failed for user "by"[39m
2021-09-07 13:25:41:2541 [31merror[39m: [31mpassword authentication failed for user "by"[39m
2021-09-07 13:25:41:2541 [31merror[39m: [31mpassword authentication failed for user "by"[39m
2021-09-07 13:25:41:2541 [31merror[39m: [31mpassword authentication failed for user "by"[39m
2021-09-07 13:25:41:2541 [31merror[39m: [31mpassword authentication failed for user "by"[39m
2021-09-07 13:25:41:2541 [31merror[39m: [31mpassword authentication failed for user "by"[39m
2021-09-07 13:29:03:293 [31merror[39m: [31mpassword authentication failed for user "by"[39m
2021-09-07 13:29:03:293 [31merror[39m: [31mpassword authentication failed for user "by"[39m
2021-09-07 13:30:28:3028 [31merror[39m: [31mpassword authentication failed for user "by"[39m
2021-09-07 13:30:28:3028 [31merror[39m: [31mpassword authentication failed for user "by"[39m
2021-09-07 13:30:58:3058 [31merror[39m: [31mpassword authentication failed for user "by"[39m
2021-09-07 13:30:58:3058 [31merror[39m: [31mpassword authentication failed for user "by"[39m
2021-09-07 13:31:35:3135 [31merror[39m: [31mpassword authentication failed for user "by"[39m
2021-09-07 13:31:35:3135 [31merror[39m: [31mpassword authentication failed for user "by"[39m
2021-09-07 13:32:05:325 [31merror[39m: [31mpassword authentication failed for user "by"[39m
2021-09-07 13:32:05:325 [31merror[39m: [31mpassword authentication failed for user "by"[39m
2021-09-07 13:37:36:3736 [31merror[39m: [31mCannot read property 'path' of undefined[39m
2021-09-07 13:38:12:3812 [31merror[39m: [31mCannot read property 'path' of undefined[39m
2021-09-07 13:38:49:3849 [31merror[39m: [31mCannot read property 'path' of undefined[39m
2021-09-07 13:39:37:3937 [31merror[39m: [31mCannot read property 'path' of undefined[39m
2021-09-07 13:40:21:4021 [31merror[39m: [31mCannot read property 'path' of undefined[39m
2021-09-07 13:41:42:4142 [31merror[39m: [31mCannot read property 'path' of undefined[39m
2021-09-07 13:56:12:5612 [31merror[39m: [31mCannot read property 'path' of undefined[39m
2021-09-07 22:17:07:177 [31merror[39m: [31mCannot read property 'path' of undefined[39m
2021-09-07 22:18:45:1845 [31merror[39m: [31mCannot read property 'path' of undefined[39m
2021-09-07 22:19:28:1928 [31merror[39m: [31mCannot read property 'path' of undefined[39m
2021-09-08 14:08:05:85 [31merror[39m: [31mpassword authentication failed for user "devdb"[39m
2021-09-08 14:08:05:85 [31merror[39m: [31mpassword authentication failed for user "devdb"[39m
2021-09-08 14:08:06:86 [31merror[39m: [31mpassword authentication failed for user "devdb"[39m
2021-09-08 14:21:14:2114 [31merror[39m: [31mrelation "products" does not exist[39m
2021-09-08 14:21:15:2115 [31merror[39m: [31mrelation "products" does not exist[39m
2021-09-08 14:21:15:2115 [31merror[39m: [31mrelation "products" does not exist[39m
2021-09-08 14:24:25:2425 [31merror[39m: [31mrelation "products" does not exist[39m
2021-09-08 14:24:25:2425 [31merror[39m: [31mrelation "products" does not exist[39m
2021-09-08 14:24:26:2426 [31merror[39m: [31mrelation "products" does not exist[39m
2021-09-08 14:27:44:2744 [31merror[39m: [31mrelation "products" does not exist[39m
2021-09-08 14:27:45:2745 [31merror[39m: [31mrelation "products" does not exist[39m
2021-09-08 14:27:45:2745 [31merror[39m: [31mrelation "products" does not exist[39m
2021-09-08 14:28:41:2841 [31merror[39m: [31mrelation "products" does not exist[39m
2021-09-08 14:28:41:2841 [31merror[39m: [31mrelation "products" does not exist[39m
2021-09-08 14:28:42:2842 [31merror[39m: [31mrelation "products" does not exist[39m
2021-09-08 14:32:16:3216 [31merror[39m: [31minsert or update on table "products" violates foreign key constraint "products_id_categori_fkey"[39m
2021-09-08 14:35:36:3536 [31merror[39m: [31mUnknown constraint error[39m
2021-09-08 14:35:44:3544 [31merror[39m: [31mUnknown constraint error[39m
2021-09-08 14:36:03:363 [31merror[39m: [31mnotNull Violation: categoris.name_categori cannot be null[39m
2021-09-08 14:36:07:367 [31merror[39m: [31minsert or update on table "products" violates foreign key constraint "products_id_categori_fkey"[39m
2021-10-13 21:50:14:5014 [31merror[39m: [31mcould not write init file[39m
2021-10-13 21:50:59:5059 [31merror[39m: [31mcould not write init file[39m
2021-10-13 21:52:52:5252 [31merror[39m: [31mcould not write init file[39m
2021-10-13 21:54:59:5459 [31merror[39m: [31mcould not write init file[39m
2021-10-13 21:58:53:5853 [31merror[39m: [31mread ECONNRESET[39m
2021-10-13 21:59:28:5928 [31merror[39m: [31mread ECONNRESET[39m
2021-10-13 22:00:56:056 [31merror[39m: [31mread ECONNRESET[39m
2021-10-13 22:57:26:5726 [31merror[39m: [31mpassword authentication failed for user "devops"[39m
